<?xml version="1.0" encoding="UTF-8"?>
<testng-results ignored="0" total="5" passed="5" failed="0" skipped="0">
  <reporter-output>
  </reporter-output>
  <suite started-at="2025-07-11T14:18:20Z" name="Suite" finished-at="2025-07-11T14:18:21Z" duration-ms="1279">
    <groups>
    </groups>
    <test started-at="2025-07-11T14:18:20Z" name="Bank Manager Login Test" finished-at="2025-07-11T14:18:20Z" duration-ms="107">
      <class name="com.kunal.testcases.BankManagerLoginTest">
        <test-method signature="loginAsBankManager()[pri:0, instance:com.kunal.testcases.BankManagerLoginTest@878452d]" started-at="2025-07-11T14:18:20Z" name="loginAsBankManager" finished-at="2025-07-11T14:18:20Z" duration-ms="101" status="PASS">
          <reporter-output>
          </reporter-output>
        </test-method> <!-- loginAsBankManager -->
      </class> <!-- com.kunal.testcases.BankManagerLoginTest -->
    </test> <!-- Bank Manager Login Test -->
    <test started-at="2025-07-11T14:18:20Z" name="Add Customer Test" finished-at="2025-07-11T14:18:21Z" duration-ms="729">
      <class name="com.kunal.testcases.AddCustomerTest">
        <test-method signature="addCustomer(java.lang.String, java.lang.String, java.lang.String)[pri:0, instance:com.kunal.testcases.AddCustomerTest@3fc9dfc5]" started-at="2025-07-11T14:18:20Z" name="addCustomer" data-provider="dp1" finished-at="2025-07-11T14:18:21Z" duration-ms="399" status="PASS">
          <params>
            <param index="0">
              <value>
                <![CDATA[Rahul]]>
              </value>
            </param>
            <param index="1">
              <value>
                <![CDATA[Arora]]>
              </value>
            </param>
            <param index="2">
              <value>
                <![CDATA[A34234]]>
              </value>
            </param>
          </params>
          <reporter-output>
          </reporter-output>
        </test-method> <!-- addCustomer -->
        <test-method signature="addCustomer(java.lang.String, java.lang.String, java.lang.String)[pri:0, instance:com.kunal.testcases.AddCustomerTest@3fc9dfc5]" started-at="2025-07-11T14:18:21Z" name="addCustomer" data-provider="dp1" finished-at="2025-07-11T14:18:21Z" duration-ms="160" status="PASS">
          <params>
            <param index="0">
              <value>
                <![CDATA[Cory]]>
              </value>
            </param>
            <param index="1">
              <value>
                <![CDATA[Paul]]>
              </value>
            </param>
            <param index="2">
              <value>
                <![CDATA[S3434]]>
              </value>
            </param>
          </params>
          <reporter-output>
          </reporter-output>
        </test-method> <!-- addCustomer -->
        <test-method signature="addCustomer(java.lang.String, java.lang.String, java.lang.String)[pri:0, instance:com.kunal.testcases.AddCustomerTest@3fc9dfc5]" started-at="2025-07-11T14:18:21Z" name="addCustomer" data-provider="dp1" finished-at="2025-07-11T14:18:21Z" duration-ms="163" status="PASS">
          <params>
            <param index="0">
              <value>
                <![CDATA[Aryan]]>
              </value>
            </param>
            <param index="1">
              <value>
                <![CDATA[Khan]]>
              </value>
            </param>
            <param index="2">
              <value>
                <![CDATA[S23434]]>
              </value>
            </param>
          </params>
          <reporter-output>
          </reporter-output>
        </test-method> <!-- addCustomer -->
      </class> <!-- com.kunal.testcases.AddCustomerTest -->
    </test> <!-- Add Customer Test -->
    <test started-at="2025-07-11T14:18:21Z" name="Open Account Test" finished-at="2025-07-11T14:18:21Z" duration-ms="282">
      <class name="com.kunal.testcases.OpenAccountTest">
        <test-method is-config="true" signature="setUp()[pri:0, instance:com.kunal.testcases.OpenAccountTest@73c60324]" started-at="2025-07-11T14:18:18Z" name="setUp" finished-at="2025-07-11T14:18:20Z" duration-ms="1869" status="PASS">
          <reporter-output>
          </reporter-output>
        </test-method> <!-- setUp -->
        <test-method signature="openAccount(java.lang.String, java.lang.String)[pri:0, instance:com.kunal.testcases.OpenAccountTest@73c60324]" started-at="2025-07-11T14:18:21Z" name="openAccount" data-provider="dp1" finished-at="2025-07-11T14:18:21Z" duration-ms="282" status="PASS">
          <params>
            <param index="0">
              <value>
                <![CDATA[Rahul Arora]]>
              </value>
            </param>
            <param index="1">
              <value>
                <![CDATA[Rupee]]>
              </value>
            </param>
          </params>
          <reporter-output>
          </reporter-output>
        </test-method> <!-- openAccount -->
        <test-method is-config="true" signature="tearDown()[pri:0, instance:com.kunal.testcases.OpenAccountTest@73c60324]" started-at="2025-07-11T14:18:21Z" name="tearDown" finished-at="2025-07-11T14:18:21Z" duration-ms="92" status="PASS">
          <reporter-output>
          </reporter-output>
        </test-method> <!-- tearDown -->
      </class> <!-- com.kunal.testcases.OpenAccountTest -->
    </test> <!-- Open Account Test -->
  </suite> <!-- Suite -->
</testng-results>
