-------------------------------------------------------------------------------
Test set: TestSuite
-------------------------------------------------------------------------------
Tests run: 4, Failures: 1, Errors: 0, Skipped: 0, Time elapsed: 7.157 sec <<< FAILURE! - in TestSuite
loginAsBankmanager(com.kunal.testcases.BankManagerLoginTest)  Time elapsed: 0.546 sec  <<< FAILURE!
java.lang.AssertionError: Failing testcase intentinally
	at org.testng.Assert.fail(Assert.java:111)
	at com.kunal.testcases.BankManagerLoginTest.loginAsBankmanager(BankManagerLoginTest.java:17)

