<?xml version="1.0" encoding="UTF-8"?>
<testsuite name="TestSuite" time="1.318" tests="4" errors="0" skipped="0" failures="1">
  <properties>
[...]
</properties>
  <testcase name="loginAsBankmanager" classname="com.kunal.testcases.BankManagerLoginTest" time="0.546">
    <failure message="Failing testcase intentinally" type="java.lang.AssertionError">java.lang.AssertionError: Failing testcase intentinally
	at org.testng.Assert.fail(Assert.java:111)
	at com.kunal.testcases.BankManagerLoginTest.loginAsBankmanager(BankManagerLoginTest.java:17)
</failure>
    <system-err><![CDATA[SLF4J(W): No SLF4J providers were found.
SLF4J(W): Defaulting to no-operation (NOP) logger implementation
SLF4J(W): See https://www.slf4j.org/codes.html#noProviders for further details.
log4j:WARN No appenders could be found for logger (devpinoyLogger).
log4j:WARN Please initialize the log4j system properly.
log4j:WARN See http://logging.apache.org/log4j/1.2/faq.html#noconfig for more info.
Starting ChromeDriver 137.0.7151.70 (dfa4dc56b2abb56eb2a14cad006ea5e68c60d5de-refs/branch-heads/7151@{#1875}) on port 39768
Only local connections are allowed.
Please see https://chromedriver.chromium.org/security-considerations for suggestions on keeping ChromeDriver safe.
ChromeDriver was started successfully on port 39768.
[1752230867.608][WARNING]: This version of ChromeDriver has not been tested with Chrome version 138.
]]></system-err>
  </testcase>
  <testcase name="addCustomer" classname="com.kunal.testcases.AddCustomerTest" time="0.387"/>
  <testcase name="addCustomer" classname="com.kunal.testcases.AddCustomerTest" time="0.22"/>
  <testcase name="openAccountTest" classname="com.kunal.testcases.OpenAccountTest" time="0.385"/>
</testsuite>