<?xml version="1.0" encoding="UTF-8"?>
<!-- Generated by org.testng.reporters.JUnitXMLReporter -->
<testsuite ignored="0" hostname="Kunals-MacBook-Pro.local" failures="0" tests="3" name="Add Customer Test" time="0.629" errors="0" timestamp="11 Jul 2025 13:55:25 GMT">
  <testcase classname="com.kunal.testcases.AddCustomerTest" name="addCustomer" time="0.317"/>
  <testcase classname="com.kunal.testcases.AddCustomerTest" name="addCustomer" time="0.146"/>
  <testcase classname="com.kunal.testcases.AddCustomerTest" name="addCustomer" time="0.157"/>
</testsuite> <!-- Add Customer Test -->
